<?xml version="1.0" encoding="UTF-8"?>
<testsuite xmlns:xsi="http://www.w3.org/2001/XMLSchema-instance" xsi:noNamespaceSchemaLocation="https://maven.apache.org/surefire/maven-surefire-plugin/xsd/surefire-test-report.xsd" name="io.hashimati.GRPCMavenExampleTest" time="2.319" tests="1" errors="0" skipped="0" failures="0">
  <properties>
    <property name="sun.desktop" value="windows"/>
    <property name="awt.toolkit" value="sun.awt.windows.WToolkit"/>
    <property name="java.specification.version" value="11"/>
    <property name="sun.cpu.isalist" value="amd64"/>
    <property name="sun.jnu.encoding" value="Cp1256"/>
    <property name="java.class.path" value="D:\GitHub\MicroCli\Code Examples\GRPCMavenExample\target\test-classes;D:\GitHub\MicroCli\Code Examples\GRPCMavenExample\target\classes;C:\Users\ahmed\.m2\repository\io\micronaut\micronaut-inject\2.0.1\micronaut-inject-2.0.1.jar;C:\Users\ahmed\.m2\repository\org\slf4j\slf4j-api\1.7.26\slf4j-api-1.7.26.jar;C:\Users\ahmed\.m2\repository\javax\inject\javax.inject\1\javax.inject-1.jar;C:\Users\ahmed\.m2\repository\io\micronaut\micronaut-core\2.0.1\micronaut-core-2.0.1.jar;C:\Users\ahmed\.m2\repository\org\reactivestreams\reactive-streams\1.0.3\reactive-streams-1.0.3.jar;C:\Users\ahmed\.m2\repository\com\github\spotbugs\spotbugs-annotations\4.0.3\spotbugs-annotations-4.0.3.jar;C:\Users\ahmed\.m2\repository\com\google\code\findbugs\jsr305\3.0.2\jsr305-3.0.2.jar;C:\Users\ahmed\.m2\repository\org\yaml\snakeyaml\1.26\snakeyaml-1.26.jar;C:\Users\ahmed\.m2\repository\io\micronaut\micronaut-validation\2.0.1\micronaut-validation-2.0.1.jar;C:\Users\ahmed\.m2\repository\io\micronaut\micronaut-http\2.0.1\micronaut-http-2.0.1.jar;C:\Users\ahmed\.m2\repository\javax\validation\validation-api\2.0.1.Final\validation-api-2.0.1.Final.jar;C:\Users\ahmed\.m2\repository\io\micronaut\micronaut-runtime\2.0.1\micronaut-runtime-2.0.1.jar;C:\Users\ahmed\.m2\repository\io\micronaut\micronaut-aop\2.0.1\micronaut-aop-2.0.1.jar;C:\Users\ahmed\.m2\repository\com\fasterxml\jackson\core\jackson-databind\2.11.1\jackson-databind-2.11.1.jar;C:\Users\ahmed\.m2\repository\com\fasterxml\jackson\core\jackson-annotations\2.11.1\jackson-annotations-2.11.1.jar;C:\Users\ahmed\.m2\repository\com\fasterxml\jackson\core\jackson-core\2.11.1\jackson-core-2.11.1.jar;C:\Users\ahmed\.m2\repository\io\reactivex\rxjava2\rxjava\2.2.10\rxjava-2.2.10.jar;C:\Users\ahmed\.m2\repository\com\fasterxml\jackson\datatype\jackson-datatype-jdk8\2.11.1\jackson-datatype-jdk8-2.11.1.jar;C:\Users\ahmed\.m2\repository\com\fasterxml\jackson\datatype\jackson-datatype-jsr310\2.11.1\jackson-datatype-jsr310-2.11.1.jar;C:\Users\ahmed\.m2\repository\io\micronaut\grpc\micronaut-grpc-runtime\2.0.1\micronaut-grpc-runtime-2.0.1.jar;C:\Users\ahmed\.m2\repository\io\micronaut\grpc\micronaut-grpc-client-runtime\2.0.1\micronaut-grpc-client-runtime-2.0.1.jar;C:\Users\ahmed\.m2\repository\io\micronaut\grpc\micronaut-grpc-annotation\2.0.1\micronaut-grpc-annotation-2.0.1.jar;C:\Users\ahmed\.m2\repository\io\grpc\grpc-protobuf\1.30.2\grpc-protobuf-1.30.2.jar;C:\Users\ahmed\.m2\repository\io\grpc\grpc-api\1.30.2\grpc-api-1.30.2.jar;C:\Users\ahmed\.m2\repository\io\grpc\grpc-context\1.30.2\grpc-context-1.30.2.jar;C:\Users\ahmed\.m2\repository\com\google\protobuf\protobuf-java\3.12.2\protobuf-java-3.12.2.jar;C:\Users\ahmed\.m2\repository\com\google\api\grpc\proto-google-common-protos\1.17.0\proto-google-common-protos-1.17.0.jar;C:\Users\ahmed\.m2\repository\io\grpc\grpc-protobuf-lite\1.30.2\grpc-protobuf-lite-1.30.2.jar;C:\Users\ahmed\.m2\repository\com\google\guava\guava\28.2-android\guava-28.2-android.jar;C:\Users\ahmed\.m2\repository\com\google\guava\failureaccess\1.0.1\failureaccess-1.0.1.jar;C:\Users\ahmed\.m2\repository\com\google\guava\listenablefuture\9999.0-empty-to-avoid-conflict-with-guava\listenablefuture-9999.0-empty-to-avoid-conflict-with-guava.jar;C:\Users\ahmed\.m2\repository\org\checkerframework\checker-compat-qual\2.5.5\checker-compat-qual-2.5.5.jar;C:\Users\ahmed\.m2\repository\com\google\j2objc\j2objc-annotations\1.3\j2objc-annotations-1.3.jar;C:\Users\ahmed\.m2\repository\com\google\errorprone\error_prone_annotations\2.3.4\error_prone_annotations-2.3.4.jar;C:\Users\ahmed\.m2\repository\org\codehaus\mojo\animal-sniffer-annotations\1.18\animal-sniffer-annotations-1.18.jar;C:\Users\ahmed\.m2\repository\io\grpc\grpc-stub\1.30.2\grpc-stub-1.30.2.jar;C:\Users\ahmed\.m2\repository\io\grpc\grpc-netty\1.30.2\grpc-netty-1.30.2.jar;C:\Users\ahmed\.m2\repository\io\grpc\grpc-core\1.30.2\grpc-core-1.30.2.jar;C:\Users\ahmed\.m2\repository\com\google\code\gson\gson\2.8.6\gson-2.8.6.jar;C:\Users\ahmed\.m2\repository\com\google\android\annotations\4.1.1.4\annotations-4.1.1.4.jar;C:\Users\ahmed\.m2\repository\io\netty\netty-codec-http2\4.1.48.Final\netty-codec-http2-4.1.48.Final.jar;C:\Users\ahmed\.m2\repository\io\netty\netty-common\4.1.48.Final\netty-common-4.1.48.Final.jar;C:\Users\ahmed\.m2\repository\io\netty\netty-buffer\4.1.48.Final\netty-buffer-4.1.48.Final.jar;C:\Users\ahmed\.m2\repository\io\netty\netty-transport\4.1.48.Final\netty-transport-4.1.48.Final.jar;C:\Users\ahmed\.m2\repository\io\netty\netty-resolver\4.1.48.Final\netty-resolver-4.1.48.Final.jar;C:\Users\ahmed\.m2\repository\io\netty\netty-codec\4.1.48.Final\netty-codec-4.1.48.Final.jar;C:\Users\ahmed\.m2\repository\io\netty\netty-handler\4.1.48.Final\netty-handler-4.1.48.Final.jar;C:\Users\ahmed\.m2\repository\io\netty\netty-codec-http\4.1.48.Final\netty-codec-http-4.1.48.Final.jar;C:\Users\ahmed\.m2\repository\io\netty\netty-handler-proxy\4.1.48.Final\netty-handler-proxy-4.1.48.Final.jar;C:\Users\ahmed\.m2\repository\io\netty\netty-codec-socks\4.1.48.Final\netty-codec-socks-4.1.48.Final.jar;C:\Users\ahmed\.m2\repository\io\perfmark\perfmark-api\0.19.0\perfmark-api-0.19.0.jar;C:\Users\ahmed\.m2\repository\io\micronaut\grpc\micronaut-grpc-server-runtime\2.0.1\micronaut-grpc-server-runtime-2.0.1.jar;C:\Users\ahmed\.m2\repository\javax\annotation\javax.annotation-api\1.3.2\javax.annotation-api-1.3.2.jar;C:\Users\ahmed\.m2\repository\ch\qos\logback\logback-classic\1.2.3\logback-classic-1.2.3.jar;C:\Users\ahmed\.m2\repository\ch\qos\logback\logback-core\1.2.3\logback-core-1.2.3.jar;C:\Users\ahmed\.m2\repository\org\junit\jupiter\junit-jupiter-api\5.6.2\junit-jupiter-api-5.6.2.jar;C:\Users\ahmed\.m2\repository\org\apiguardian\apiguardian-api\1.1.0\apiguardian-api-1.1.0.jar;C:\Users\ahmed\.m2\repository\org\opentest4j\opentest4j\1.2.0\opentest4j-1.2.0.jar;C:\Users\ahmed\.m2\repository\org\junit\platform\junit-platform-commons\1.6.2\junit-platform-commons-1.6.2.jar;C:\Users\ahmed\.m2\repository\org\junit\jupiter\junit-jupiter-engine\5.6.2\junit-jupiter-engine-5.6.2.jar;C:\Users\ahmed\.m2\repository\org\junit\platform\junit-platform-engine\1.6.2\junit-platform-engine-1.6.2.jar;C:\Users\ahmed\.m2\repository\io\micronaut\test\micronaut-test-junit5\1.2.2\micronaut-test-junit5-1.2.2.jar;C:\Users\ahmed\.m2\repository\io\micronaut\test\micronaut-test-core\1.2.2\micronaut-test-core-1.2.2.jar;"/>
    <property name="java.vm.vendor" value="Oracle Corporation"/>
    <property name="sun.arch.data.model" value="64"/>
    <property name="user.variant" value=""/>
    <property name="java.vendor.url" value="https://openjdk.java.net/"/>
    <property name="user.timezone" value="Asia/Riyadh"/>
    <property name="java.vm.specification.version" value="11"/>
    <property name="os.name" value="Windows 10"/>
    <property name="sun.java.launcher" value="SUN_STANDARD"/>
    <property name="user.country" value="US"/>
    <property name="sun.boot.library.path" value="C:\Program Files\Java\jdk-11.0.8\bin"/>
    <property name="sun.java.command" value="C:\Users\ahmed\AppData\Local\Temp\surefire6923518190819035785\surefirebooter16874987968726132160.jar C:\Users\ahmed\AppData\Local\Temp\surefire6923518190819035785 2020-08-25T21-07-52_127-jvmRun1 surefire7663078882921936759tmp surefire_010523421912571796539tmp"/>
    <property name="jdk.debug" value="release"/>
    <property name="surefire.test.class.path" value="D:\GitHub\MicroCli\Code Examples\GRPCMavenExample\target\test-classes;D:\GitHub\MicroCli\Code Examples\GRPCMavenExample\target\classes;C:\Users\ahmed\.m2\repository\io\micronaut\micronaut-inject\2.0.1\micronaut-inject-2.0.1.jar;C:\Users\ahmed\.m2\repository\org\slf4j\slf4j-api\1.7.26\slf4j-api-1.7.26.jar;C:\Users\ahmed\.m2\repository\javax\inject\javax.inject\1\javax.inject-1.jar;C:\Users\ahmed\.m2\repository\io\micronaut\micronaut-core\2.0.1\micronaut-core-2.0.1.jar;C:\Users\ahmed\.m2\repository\org\reactivestreams\reactive-streams\1.0.3\reactive-streams-1.0.3.jar;C:\Users\ahmed\.m2\repository\com\github\spotbugs\spotbugs-annotations\4.0.3\spotbugs-annotations-4.0.3.jar;C:\Users\ahmed\.m2\repository\com\google\code\findbugs\jsr305\3.0.2\jsr305-3.0.2.jar;C:\Users\ahmed\.m2\repository\org\yaml\snakeyaml\1.26\snakeyaml-1.26.jar;C:\Users\ahmed\.m2\repository\io\micronaut\micronaut-validation\2.0.1\micronaut-validation-2.0.1.jar;C:\Users\ahmed\.m2\repository\io\micronaut\micronaut-http\2.0.1\micronaut-http-2.0.1.jar;C:\Users\ahmed\.m2\repository\javax\validation\validation-api\2.0.1.Final\validation-api-2.0.1.Final.jar;C:\Users\ahmed\.m2\repository\io\micronaut\micronaut-runtime\2.0.1\micronaut-runtime-2.0.1.jar;C:\Users\ahmed\.m2\repository\io\micronaut\micronaut-aop\2.0.1\micronaut-aop-2.0.1.jar;C:\Users\ahmed\.m2\repository\com\fasterxml\jackson\core\jackson-databind\2.11.1\jackson-databind-2.11.1.jar;C:\Users\ahmed\.m2\repository\com\fasterxml\jackson\core\jackson-annotations\2.11.1\jackson-annotations-2.11.1.jar;C:\Users\ahmed\.m2\repository\com\fasterxml\jackson\core\jackson-core\2.11.1\jackson-core-2.11.1.jar;C:\Users\ahmed\.m2\repository\io\reactivex\rxjava2\rxjava\2.2.10\rxjava-2.2.10.jar;C:\Users\ahmed\.m2\repository\com\fasterxml\jackson\datatype\jackson-datatype-jdk8\2.11.1\jackson-datatype-jdk8-2.11.1.jar;C:\Users\ahmed\.m2\repository\com\fasterxml\jackson\datatype\jackson-datatype-jsr310\2.11.1\jackson-datatype-jsr310-2.11.1.jar;C:\Users\ahmed\.m2\repository\io\micronaut\grpc\micronaut-grpc-runtime\2.0.1\micronaut-grpc-runtime-2.0.1.jar;C:\Users\ahmed\.m2\repository\io\micronaut\grpc\micronaut-grpc-client-runtime\2.0.1\micronaut-grpc-client-runtime-2.0.1.jar;C:\Users\ahmed\.m2\repository\io\micronaut\grpc\micronaut-grpc-annotation\2.0.1\micronaut-grpc-annotation-2.0.1.jar;C:\Users\ahmed\.m2\repository\io\grpc\grpc-protobuf\1.30.2\grpc-protobuf-1.30.2.jar;C:\Users\ahmed\.m2\repository\io\grpc\grpc-api\1.30.2\grpc-api-1.30.2.jar;C:\Users\ahmed\.m2\repository\io\grpc\grpc-context\1.30.2\grpc-context-1.30.2.jar;C:\Users\ahmed\.m2\repository\com\google\protobuf\protobuf-java\3.12.2\protobuf-java-3.12.2.jar;C:\Users\ahmed\.m2\repository\com\google\api\grpc\proto-google-common-protos\1.17.0\proto-google-common-protos-1.17.0.jar;C:\Users\ahmed\.m2\repository\io\grpc\grpc-protobuf-lite\1.30.2\grpc-protobuf-lite-1.30.2.jar;C:\Users\ahmed\.m2\repository\com\google\guava\guava\28.2-android\guava-28.2-android.jar;C:\Users\ahmed\.m2\repository\com\google\guava\failureaccess\1.0.1\failureaccess-1.0.1.jar;C:\Users\ahmed\.m2\repository\com\google\guava\listenablefuture\9999.0-empty-to-avoid-conflict-with-guava\listenablefuture-9999.0-empty-to-avoid-conflict-with-guava.jar;C:\Users\ahmed\.m2\repository\org\checkerframework\checker-compat-qual\2.5.5\checker-compat-qual-2.5.5.jar;C:\Users\ahmed\.m2\repository\com\google\j2objc\j2objc-annotations\1.3\j2objc-annotations-1.3.jar;C:\Users\ahmed\.m2\repository\com\google\errorprone\error_prone_annotations\2.3.4\error_prone_annotations-2.3.4.jar;C:\Users\ahmed\.m2\repository\org\codehaus\mojo\animal-sniffer-annotations\1.18\animal-sniffer-annotations-1.18.jar;C:\Users\ahmed\.m2\repository\io\grpc\grpc-stub\1.30.2\grpc-stub-1.30.2.jar;C:\Users\ahmed\.m2\repository\io\grpc\grpc-netty\1.30.2\grpc-netty-1.30.2.jar;C:\Users\ahmed\.m2\repository\io\grpc\grpc-core\1.30.2\grpc-core-1.30.2.jar;C:\Users\ahmed\.m2\repository\com\google\code\gson\gson\2.8.6\gson-2.8.6.jar;C:\Users\ahmed\.m2\repository\com\google\android\annotations\4.1.1.4\annotations-4.1.1.4.jar;C:\Users\ahmed\.m2\repository\io\netty\netty-codec-http2\4.1.48.Final\netty-codec-http2-4.1.48.Final.jar;C:\Users\ahmed\.m2\repository\io\netty\netty-common\4.1.48.Final\netty-common-4.1.48.Final.jar;C:\Users\ahmed\.m2\repository\io\netty\netty-buffer\4.1.48.Final\netty-buffer-4.1.48.Final.jar;C:\Users\ahmed\.m2\repository\io\netty\netty-transport\4.1.48.Final\netty-transport-4.1.48.Final.jar;C:\Users\ahmed\.m2\repository\io\netty\netty-resolver\4.1.48.Final\netty-resolver-4.1.48.Final.jar;C:\Users\ahmed\.m2\repository\io\netty\netty-codec\4.1.48.Final\netty-codec-4.1.48.Final.jar;C:\Users\ahmed\.m2\repository\io\netty\netty-handler\4.1.48.Final\netty-handler-4.1.48.Final.jar;C:\Users\ahmed\.m2\repository\io\netty\netty-codec-http\4.1.48.Final\netty-codec-http-4.1.48.Final.jar;C:\Users\ahmed\.m2\repository\io\netty\netty-handler-proxy\4.1.48.Final\netty-handler-proxy-4.1.48.Final.jar;C:\Users\ahmed\.m2\repository\io\netty\netty-codec-socks\4.1.48.Final\netty-codec-socks-4.1.48.Final.jar;C:\Users\ahmed\.m2\repository\io\perfmark\perfmark-api\0.19.0\perfmark-api-0.19.0.jar;C:\Users\ahmed\.m2\repository\io\micronaut\grpc\micronaut-grpc-server-runtime\2.0.1\micronaut-grpc-server-runtime-2.0.1.jar;C:\Users\ahmed\.m2\repository\javax\annotation\javax.annotation-api\1.3.2\javax.annotation-api-1.3.2.jar;C:\Users\ahmed\.m2\repository\ch\qos\logback\logback-classic\1.2.3\logback-classic-1.2.3.jar;C:\Users\ahmed\.m2\repository\ch\qos\logback\logback-core\1.2.3\logback-core-1.2.3.jar;C:\Users\ahmed\.m2\repository\org\junit\jupiter\junit-jupiter-api\5.6.2\junit-jupiter-api-5.6.2.jar;C:\Users\ahmed\.m2\repository\org\apiguardian\apiguardian-api\1.1.0\apiguardian-api-1.1.0.jar;C:\Users\ahmed\.m2\repository\org\opentest4j\opentest4j\1.2.0\opentest4j-1.2.0.jar;C:\Users\ahmed\.m2\repository\org\junit\platform\junit-platform-commons\1.6.2\junit-platform-commons-1.6.2.jar;C:\Users\ahmed\.m2\repository\org\junit\jupiter\junit-jupiter-engine\5.6.2\junit-jupiter-engine-5.6.2.jar;C:\Users\ahmed\.m2\repository\org\junit\platform\junit-platform-engine\1.6.2\junit-platform-engine-1.6.2.jar;C:\Users\ahmed\.m2\repository\io\micronaut\test\micronaut-test-junit5\1.2.2\micronaut-test-junit5-1.2.2.jar;C:\Users\ahmed\.m2\repository\io\micronaut\test\micronaut-test-core\1.2.2\micronaut-test-core-1.2.2.jar;"/>
    <property name="sun.cpu.endian" value="little"/>
    <property name="user.home" value="C:\Users\ahmed"/>
    <property name="user.language" value="en"/>
    <property name="java.specification.vendor" value="Oracle Corporation"/>
    <property name="java.version.date" value="2020-07-14"/>
    <property name="java.home" value="C:\Program Files\Java\jdk-11.0.8"/>
    <property name="file.separator" value="\"/>
    <property name="basedir" value="D:\GitHub\MicroCli\Code Examples\GRPCMavenExample"/>
    <property name="java.vm.compressedOopsMode" value="32-bit"/>
    <property name="line.separator" value="&#10;"/>
    <property name="java.specification.name" value="Java Platform API Specification"/>
    <property name="java.vm.specification.vendor" value="Oracle Corporation"/>
    <property name="java.awt.graphicsenv" value="sun.awt.Win32GraphicsEnvironment"/>
    <property name="surefire.real.class.path" value="C:\Users\ahmed\AppData\Local\Temp\surefire6923518190819035785\surefirebooter16874987968726132160.jar"/>
    <property name="user.script" value=""/>
    <property name="sun.management.compiler" value="HotSpot 64-Bit Tiered Compilers"/>
    <property name="java.runtime.version" value="11.0.8+10-LTS"/>
    <property name="user.name" value="ahmed"/>
    <property name="path.separator" value=";"/>
    <property name="os.version" value="10.0"/>
    <property name="java.runtime.name" value="Java(TM) SE Runtime Environment"/>
    <property name="file.encoding" value="Cp1256"/>
    <property name="java.vm.name" value="Java HotSpot(TM) 64-Bit Server VM"/>
    <property name="java.vendor.version" value="18.9"/>
    <property name="localRepository" value="C:\Users\ahmed\.m2\repository"/>
    <property name="java.vendor.url.bug" value="https://bugreport.java.com/bugreport/"/>
    <property name="java.io.tmpdir" value="C:\Users\ahmed\AppData\Local\Temp\"/>
    <property name="java.version" value="11.0.8"/>
    <property name="user.dir" value="D:\GitHub\MicroCli\Code Examples\GRPCMavenExample"/>
    <property name="os.arch" value="amd64"/>
    <property name="java.vm.specification.name" value="Java Virtual Machine Specification"/>
    <property name="java.awt.printerjob" value="sun.awt.windows.WPrinterJob"/>
    <property name="sun.os.patch.level" value=""/>
    <property name="java.library.path" value="C:\Program Files\Java\jdk-11.0.8\bin;C:\Windows\Sun\Java\bin;C:\Windows\system32;C:\Windows;C:\Windows\system32;C:\Windows;C:\Windows\System32\Wbem;C:\Windows\System32\WindowsPowerShell\v1.0\;C:\Windows\System32\OpenSSH\;D:\Go\bin;d:\Program Files\Git\cmd;C:\Program Files\Amazon\AWSCLIV2\;D:\nodejs\;D:\mongodb-win32-x86_64-2012plus-4.2.6\bin;C:\Program Files\Microsoft Windows Performance Toolkit\;D:\Program Files\Microsoft SDKs\Windows\v7.1\Bin;D:\Program Files (x86)\Microsoft Visual Studio\2019\BuildTools\VC\Tools\MSVC\14.26.28801\bin\Hostx64\x64;C:\Program Files\dotnet\;C:\Program Files\Microsoft SQL Server\130\Tools\Binn\;D:\graalvm-ce-java11-20.1.0\bin;D:\apache-maven-3.6.3\bin;C:\Program Files\Java\jdk-11.0.8\bin;D:\gradle-6.5\bin;D:\flutter\bin;D:\micronaut-cli-2.0.0\bin;C:\Users\ahmed\.cargo\bin;C:\Users\ahmed\AppData\Local\Microsoft\WindowsApps;C:\Users\ahmed\go\bin;D:\Microsoft VS Code\bin;C:\Users\ahmed\AppData\Roaming\npm;C:\Program Files\JetBrains\IntelliJ IDEA 202.6397.20\bin;C:\Users\ahmed\AppData\Local\GitHubDesktop\bin;;."/>
    <property name="java.vendor" value="Oracle Corporation"/>
    <property name="java.vm.info" value="mixed mode"/>
    <property name="java.vm.version" value="11.0.8+10-LTS"/>
    <property name="sun.io.unicode.encoding" value="UnicodeLittle"/>
    <property name="java.class.version" value="55.0"/>
  </properties>
  <testcase name="testItWorks" classname="io.hashimati.GRPCMavenExampleTest" time="0.049"/>
</testsuite>